<?xml version="1.0" encoding="UTF-8"?>
<beans xmlns="http://www.springframework.org/schema/beans"
	xmlns:xsi="http://www.w3.org/2001/XMLSchema-instance"
	xmlns:tx="http://www.springframework.org/schema/tx" 
	xmlns:jdbc="http://www.springframework.org/schema/jdbc"
	xsi:schemaLocation="http://www.springframework.org/schema/jdbc 
	http://www.springframework.org/schema/jdbc/spring-jdbc-3.0.xsd
	http://www.springframework.org/schema/beans 
	http://www.springframework.org/schema/beans/spring-beans.xsd
           http://www.springframework.org/schema/batch 
           http://www.springframework.org/schema/batch/spring-batch-2.2.xsd">        
	
	<bean id="entityManagerFactory" class="org.springframework.orm.jpa.LocalContainerEntityManagerFactoryBean">
		<property name="dataSource" ref="dataSource" />
		<property name="persistenceProviderClass" value="org.hibernate.ejb.HibernatePersistence"/>
		<property name="jpaVendorAdapter">
			<bean class="org.springframework.orm.jpa.vendor.HibernateJpaVendorAdapter">
				<property name="database" value="MYSQL" />
				<property name="generateDdl" value="false" />
				<property name="showSql" value="true" />
			</bean>
		</property>
		<property name="packagesToScan" value="com.mize.domain" />
	</bean>
	
	<bean class="org.springframework.orm.jpa.JpaTransactionManager">
		<property name="entityManagerFactory" ref="entityManagerFactory" />
	</bean>
	
	<bean class="org.springframework.beans.factory.config.PropertyPlaceholderConfigurer">
		<property name="ignoreUnresolvablePlaceholders" value="true" />
		<property name="ignoreResourceNotFound" value="true" />
		<property name="systemPropertiesModeName" value="SYSTEM_PROPERTIES_MODE_OVERRIDE" />
		
		<property name="valueSeparator" value="~~" />
	</bean>
	
 <!-- 	<jdbc:embedded-database id="dataSource" type="H2">
		<jdbc:script location="/create-tables.sql"/>
	</jdbc:embedded-database>
	
 	<bean id="dataSource" class="org.springframework.jdbc.datasource.SingleConnectionDataSource">
		<property name="driverClassName" value="org.h2.Driver" />
		<property name="url" value="jdbc:h2:mem:test;DB_CLOSE_DELAY=-1" />
		<property name="username" value="sa" />
		<property name="password" value="" />
		<property name="suppressClose" value="true" />
	</bean>

	<jdbc:initialize-database data-source="dataSource">
		<jdbc:script location="classpath:/create-tables.sql" />
	</jdbc:initialize-database> -->
	
	<bean id="dataSource" class="org.springframework.jdbc.datasource.DriverManagerDataSource">
		<property name="driverClassName" value="${DB.driverClass~~com.mysql.jdbc.Driver}" />
	    <property name="url" value="${DB.url~~jdbc:mysql://tapimizedatabase.c7tjyqjoeuyp.us-east-1.rds.amazonaws.com:3306/MIZEDDB}" />
	    <property name="username"  value="${DB.username~~ddbuser}" />
	    <property name="password" value="${DB.password~~ddbuser_1234}" />
		<!-- <property name="maxIdle" value="${DB.maxIdle~~5}" />
		<property name="maxActive" value="${DB.maxActive~~50}" />
		<property name="maxWait" value="${DB.maxWait~~1000}" />
		<property name="validationQuery" value="select 1" />
		<property name="testOnBorrow" value="true" />
		<property name="testWhileIdle" value="true" />
		<property name="timeBetweenEvictionRunsMillis" value="${DB.timeBetweenEvictionRunsMillis~~1200000}" />
		<property name="minEvictableIdleTimeMillis" value="${DB.minEvictableIdleTimeMillis~~1800000}" />
		<property name="numTestsPerEvictionRun" value="${DB.minEvictableIdleTimeMillis~~5}" />
		<property name="defaultAutoCommit" value="${DB.defaultAutoCommit~~true}" /> 
 		-->	
 	</bean>
 	
	<bean id="mizeApplicationProperties" class="com.mize.domain.util.MizeApplicationProperties">
		<property name="pageSize" value="${search.defaultPageSize~~10}"/>
		<property name="recordCount" value="${search.defaultMaxResultsCount~~1000}"/>
		<property name="defaultTenantCode" value="${app.defaultTenantCode~~10C000100P}"/>
		<property name="defaultCurrencyCode" value="${app.defaultCurrencyCode~~USD}"/>
		<property name="loginType" value="${login.type~~email}"/>
		<property name="defaultTimeZone" value="${app.defaultTimeZone~~UTC}"/>
		<property name="defaultEndDate" value="${app.defaultEndDate~~12-31-2025}"/>
		<property name="defaultLocaleId" value="${app.defaultLocaleId~~1}"/>
		<property name="createdByUser" value="${app.createdByUser~~userName}"/>
		<property name="defaultDateTimeFormat" value="${app.dateTimeFormat~~MM-dd-yyyy HH:mm:ss}"/>
		<property name="defaultDateFormat" value="${app.dateFormat~~MM-dd-yyyy}"/>
		<property name="defaultDBDateFormat" value="${app.db.dateFormat~~yyyy-MM-dd}"/>
		<property name="defaultDBDateTimeFormat" value="${app.db.dateTimeFormat~~yyyy-MM-dd HH:mm:ss}"/>
		<property name="googlePrivateKey" value="${google.api.privateKey~~S_qiDFZTnbmOzUo2adofIW1Aagk=}"/>
		<property name="googleChannelName" value="${google.api.channel~~CustomerCentral}"/>
		<property name="googleClientId" value="${google.api.clientId~~gme-mizeinc}"/>
		<property name="useGoogleLicensedKey" value="${google.api.useSignedURL~~N}" />
	</bean>		 
	
	<bean id="mizeDateTimeUtils" class="com.mize.domain.util.MizeDateTimeUtils"/>
	
 	<bean id="jdbcTemplate" class="org.springframework.jdbc.core.JdbcTemplate">
		<constructor-arg ref="dataSource" />
	</bean>
	
	
</beans>
